<?xml version="1.0" encoding="UTF-8"?>
<!-- Generated by org.testng.reporters.JUnitReportReporter -->
<testsuite hostname="TD" failures="0" tests="1" name="Day1Tutorialninja.Register.Testcase1" time="7.069" errors="0" timestamp="2025-04-24T01:54:51 IST" skipped="0">
  <testcase classname="Day1Tutorialninja.Register.Testcase1" name="RegisterWithMandatory" time="7.069"/>
</testsuite> <!-- Day1Tutorialninja.Register.Testcase1 -->
